2017-11-12 09:42:39.149 INFO  singlejartest.Main - Connecting...
2017-11-12 09:42:39.548 INFO  com.dukascopy.api.impl.connect.AuthorizationClient - environment(jnlp.client.mode)=null, platformInstanceId=null
2017-11-12 09:42:39.557 INFO  com.dukascopy.api.impl.connect.AuthorizationClient - Auth step 1 request [3ACF84125D794763FAF6B1E049EAB23E0338CCFC]
2017-11-12 09:42:39.559 DEBUG com.dukascopy.api.impl.connect.AuthorizationClient - >> [https://login.dukascopy.com/authorization-1/demo/auth?munus=srp_api&passus=1&sermo=253691f1-197e-44d8-b98b-85d04ca0775e&putent_genus=0&appello=3ACF84125D794763FAF6B1E049EAB23E0338CCFC&srp_versio=1]
2017-11-12 09:42:40.658 DEBUG com.dukascopy.api.impl.connect.AuthorizationClient - << [{"B":"7d1cd68c5ecd5ce0ea3fc714aef8cbaf91dd1e900c3d41c7d092b0be812570f0f4d9495098929471e186854bdb1462802f096010df7d933e99493a64cebf868eb52d3b823c9c0e08c86eb073e13b9c5f81722773a2764de7f9813c8c8ac4cb4d2db3bdde61b2c3f8f0ced38362a023033087d55d01c432c5fd1e3e53ca2544e3ec30a3cd34baedfd33fc1c9f881a80563ce1e7db79a2493e7aad800cfe826e05f7000533e0d208e5d8b57e78ea21e437170f4f2b536554aee9c73f2f5b6c24b0503ec9b8b75b22a810d9f3e3ae91ca7255ad3b6cbcfabdfceb32ab46178b521ed1b867fd792018be2ecdeccaed4fac2f5fe2fefa4e93e7761db06a457122f020","S":"7e09c402dfd6a6495978f2f24e950186","G":"2","H":"SHA-256","K":"5b9e8ef059c6b32ea59fc1d322d37f04aa30bae5aa9003b8321e21ddb04e300","N":"ac6bdb41324a9a9bf166de5e1389582faf72b6651987ee07fc3192943db56050a37329cbb4a099ed8193e0757767a13dd52312ab4b03310dcd7f48a9da04fd50e8083969edb767b0cf6095179a163ab3661a05fbd5faaae82918a9962f0b93b855f97993ec975eeaa80d740adbf4ff747359d041d5c33ea71d281e446b14773bca97b43a23fb801676bd207a436c6481f1d2b9078717461a5b9d32e688f87748544523b524b0d57d5ea77a2775d2ecfa032cfbdbf52fb3786160279004e57ae6af874e7303ce53299ccc041c7bc308d82a5698f3a8d0c38271ae35f8e9dbfbb694b5c803d89f7ae435de236d525f54759b65e372fcd68ef20fa7111f9e4aff73","srp_versio":"1"}]
2017-11-12 09:42:40.659 INFO  com.dukascopy.api.impl.connect.AuthorizationClient - Auth step 1 response [ServerResponseObject [passwordServerResponse=Step1ServerResponse [serverPublicValueB=7d1cd68c5ecd5ce0ea3fc714aef8cbaf91dd1e900c3d41c7d092b0be812570f0f4d9495098929471e186854bdb1462802f096010df7d933e99493a64cebf868eb52d3b823c9c0e08c86eb073e13b9c5f81722773a2764de7f9813c8c8ac4cb4d2db3bdde61b2c3f8f0ced38362a023033087d55d01c432c5fd1e3e53ca2544e3ec30a3cd34baedfd33fc1c9f881a80563ce1e7db79a2493e7aad800cfe826e05f7000533e0d208e5d8b57e78ea21e437170f4f2b536554aee9c73f2f5b6c24b0503ec9b8b75b22a810d9f3e3ae91ca7255ad3b6cbcfabdfceb32ab46178b521ed1b867fd792018be2ecdeccaed4fac2f5fe2fefa4e93e7761db06a457122f020, saltS=7e09c402dfd6a6495978f2f24e950186, safePrimeN=ac6bdb41324a9a9bf166de5e1389582faf72b6651987ee07fc3192943db56050a37329cbb4a099ed8193e0757767a13dd52312ab4b03310dcd7f48a9da04fd50e8083969edb767b0cf6095179a163ab3661a05fbd5faaae82918a9962f0b93b855f97993ec975eeaa80d740adbf4ff747359d041d5c33ea71d281e446b14773bca97b43a23fb801676bd207a436c6481f1d2b9078717461a5b9d32e688f87748544523b524b0d57d5ea77a2775d2ecfa032cfbdbf52fb3786160279004e57ae6af874e7303ce53299ccc041c7bc308d82a5698f3a8d0c38271ae35f8e9dbfbb694b5c803d89f7ae435de236d525f54759b65e372fcd68ef20fa7111f9e4aff73, correspondingGeneratorG=2, hashAlgorithmH=SHA-256, srpProtocolVersion=1], ]]
2017-11-12 09:42:40.715 INFO  com.dukascopy.api.impl.connect.AuthorizationClient - Auth step 2 request A [9765270294027071341936858594383328460479448326293071443605058225838576566561198509809183235368118515296473818824737110138920753322459183794043669768205362351344149798433662750065003033223824859526333652113669159679770294129116317190624751529907081650226129052692113243956096885499582364446121943302342603819982916981321603910168864632125855285280695630547246964912162642042797898644125071213197985262277825914569958835907593787625140137974278474144235811784953819762661571887436359825162399957235340746754042837865715606693810651180591749238566814070174316344873551570851848174638121530090677689731024299551583114526], M1 [65659603331471743991220975334830892913677293773058829569662145639748019087070]
2017-11-12 09:42:40.715 DEBUG com.dukascopy.api.impl.connect.AuthorizationClient - >> [https://login.dukascopy.com/authorization-1/demo/auth?munus=srp_api&testimonium_nuntius=912a04bd49b4aa10c11cfaf106900f96f50dca5ac5e1a5bf57efb1d72112e6de&passus=2&publicus_pendo=4d5b186b8f635f274784308323d5eb0dd9001c58d9252328616a9ab6349efa3aa2ba2d3f265c98040808a5ebb77adc0dd562fbef31c396476d3ea737e8e049d8116faa054005a2eb83aa7e4916fe09732b8d421a591cecc165fdc60951331126cfd08c65b517e9cbb3fe59a191bb7d9289eced5b2e0f53d768f192010993066d682dd1d5bc55041cb992b0b45c0f9717ce54bb962640468aeecf0220d095738c7a5650df5f7ce9028fe1688d3c0530620db909334273665dbc92d19c3314abc002f7da9cc0b52ef98e064641188189bb5f9612f32342ec2aac2d2f647ba35c034adaba9029262e3d0677d710d8d671da5b53f061f1890a48abfcaa42387c151e&sermo=253691f1-197e-44d8-b98b-85d04ca0775e&putent_genus=0&srp_versio=1]
2017-11-12 09:42:41.877 DEBUG com.dukascopy.api.impl.connect.AuthorizationClient - << [{"M2":"6dfa09ff75bd23a88d6f410e7f4bf743971c36e2f0811eef027b86319001772a","srp_versio":"1"}]
2017-11-12 09:42:41.878 INFO  com.dukascopy.api.impl.connect.AuthorizationClient - Auth step 2 response [ServerResponseObject [passwordServerResponse=Step2ServerResponse [serverEvidenceMessageM2=6dfa09ff75bd23a88d6f410e7f4bf743971c36e2f0811eef027b86319001772a, srpProtocolVersion=1], ]]
2017-11-12 09:42:41.879 INFO  com.dukascopy.api.impl.connect.AuthorizationClient - Auth step 3 request
2017-11-12 09:42:41.879 DEBUG com.dukascopy.api.impl.connect.AuthorizationClient - >> [https://login.dukascopy.com/authorization-1/demo/auth?munus=srp_api&passus=3&sermo=253691f1-197e-44d8-b98b-85d04ca0775e&versio=318.4.33&willPing=true&putent_genus=0&occasus=true&platform=DDS3_JFOREX&srp_versio=1]
2017-11-12 09:42:45.096 DEBUG com.dukascopy.api.impl.connect.AuthorizationClient - << [{"occasus":"rO0ABXNyABRqYXZhLnV0aWwuUHJvcGVydGllczkS0HpwNj6YAgABTAAIZGVmYXVsdHN0ABZMamF2\r\nYS91dGlsL1Byb3BlcnRpZX...","authApiURLs":["d-ja-gva-101-135-154.dukascopy.com:10443","d-ja-usa-e-96-4-a.dukascopy.com:10443","d-ja-sgn-04-b.dukascopy.com:10443","d-ja-jpn-04-a.dukascopy.com:10443","d-ja-hk-110-05.dukascopy.com:10443","d-ja-msk-10.dukascopy.com:10443"],"srp_versio":"1"}]
2017-11-12 09:42:45.111 INFO  com.dukascopy.api.impl.connect.AuthorizationClient - Auth step 3 response [ServerResponseObject [passwordServerResponse=Step3ServerResponse [serverResponse={"occasus":"rO0ABXNyABRqYXZhLnV0aWwuUHJvcGVydGllczkS0HpwNj6YAgABTAAIZGVmYXVsdHN0ABZMamF2\r\nYS91dGlsL1Byb3BlcnRpZX...","authApiURLs":["d-ja-gva-101-135-154.dukascopy.com:10443","d-ja-usa-e-96-4-a.dukascopy.com:10443","d-ja-sgn-04-b.dukascopy.com:10443","d-ja-jpn-04-a.dukascopy.com:10443","d-ja-hk-110-05.dukascopy.com:10443","d-ja-msk-10.dukascopy.com:10443"],"srp_versio":"1"}], responseHeaderFields={Transfer-Encoding=[chunked], null=[HTTP/1.1 200], idle-session-ttl=[900000], CF-RAY=[3bc8330c28902f5f-MAD], Server=[cloudflare-nginx], Connection=[keep-alive], Client-Country=[ES], Pragma=[no-cache], Last-Modified=[Sun, 12 Nov 2017 08:42:42 GMT], Date=[Sun, 12 Nov 2017 08:42:44 GMT], Cache-Control=[no-cache, must-revalidate, no-store, max-age=0], Access-Control-Allow-Credentials=[true], Client-IP=[81.37.216.145], Vary=[Accept-Encoding], Set-Cookie=[__cfduid=d5923595a3e35a7d26a232705b3e26b901510476161; expires=Mon, 12-Nov-18 08:42:41 GMT; path=/; domain=.dukascopy.com; HttpOnly], Expires=[Thu, 01 Jan 1970 00:00:00 GMT], Content-Type=[text/plain;charset=UTF-8]}]]
2017-11-12 09:42:45.242 WARN  com.dukascopy.api.instrument.AvailableInstrumentProvider - Instrument "NEM.US/USD" is absent in Instrument API enum.
2017-11-12 09:42:45.244 INFO  com.dukascopy.api.impl.connect.AuthorizationClient - Selecting the best server...
2017-11-12 09:42:45.267 INFO  com.dukascopy.api.impl.connect.AuthorizationClient - The ping start time=2017-11-12 09:42:45:267
2017-11-12 09:42:45.589 INFO  com.dukascopy.api.impl.connect.AuthorizationClient - The ping end time=2017-11-12 09:42:45:589, the ping processing time=[322]ms
2017-11-12 09:42:45.589 DEBUG com.dukascopy.api.impl.connect.AuthorizationClient - Best api url [d-ja-gva-101-135-154.dukascopy.com:10443] with time [62]
2017-11-12 09:42:45.590 DEBUG com.dukascopy.api.impl.connect.TesterClientImpl - d-ja-gva-101-135-154.dukascopy.com:10443@2bec5ce290a013e627d338cf404a83b80d7cb0994194cebcd5cea6c5096c49f2
2017-11-12 09:42:45.596 INFO  com.dukascopy.dds2.greed.util.FilePathManager - WL info is unavailable. Use default App folder for Platform data:  /Users/DKS/Library/Application Support/JForex
2017-11-12 09:42:46.270 WARN  com.dukascopy.charts.data.datacache.FeedDataProvider - JStore is disabled for the current user
2017-11-12 09:42:46.278 DEBUG com.dukascopy.api.impl.connect.TesterClientImpl - UserAgent: {"clientType":"DDS3_JFOREXSDK","javaVersion":"1.8.0_51","jvmVersion":"25.51-b03","ip":"null","clientVersion":"318.4.33","osName":"Mac OS X","userName":"null"}
2017-11-12 09:42:47.353 INFO  com.dukascopy.dds2.greed.connection.GreedClientAuthorizationProvider - !!!:Thread[(NettyTransportClient-0) ClientConnector,5,main]
2017-11-12 09:42:47.356 INFO  com.dukascopy.dds4.transport.client.netty.ClientConnector - Authorize task in queue, server address [d-ja-gva-101-135-154.dukascopy.com/194.8.15.154:10443], transport name [NettyTransportClient-0]
2017-11-12 09:42:47.356 DEBUG com.dukascopy.api.impl.connect.TesterClientImpl - Authorized
2017-11-12 09:42:47.360 INFO  com.dukascopy.api.instrument.subscribe.InstrumentManager - InstrumentManager created.
2017-11-12 09:42:47.627 WARN  com.dukascopy.api.impl.connect.WLabelData - White Label Image is not received
2017-11-12 09:42:47.627 INFO  singlejartest.Main - Connected
2017-11-12 09:42:47.627 INFO  singlejartest.Main - Subscribing instruments...
2017-11-12 09:42:47.627 INFO  singlejartest.Main - Downloading data
2017-11-12 09:42:47.634 INFO  com.dukascopy.charts.data.datacache.metadata.FeedMetadataManager - Loading first times for [EUR/USD]...
2017-11-12 09:42:47.697 INFO  com.dukascopy.charts.data.datacache.metadata.FeedMetadataManager - First times loaded {EUR/USD={Ticks=1052082000914, 1 Min=1052082000000, Hourly=1052082000000, Daily=99792000000}}
2017-11-12 09:42:47.703 INFO  com.dukascopy.charts.data.datacache.metadata.FeedMetadataManager - Loading first times for [GBP/JPY]...
2017-11-12 09:42:47.764 INFO  com.dukascopy.charts.data.datacache.metadata.FeedMetadataManager - First times loaded {GBP/JPY={Ticks=1059944400015, 1 Min=1059944400000, Hourly=1059944400000, Daily=662774400000}}
2017-11-12 09:42:47.768 INFO  com.dukascopy.charts.data.datacache.metadata.FeedMetadataManager - Loading first times for [USD/JPY]...
2017-11-12 09:42:47.829 INFO  com.dukascopy.charts.data.datacache.metadata.FeedMetadataManager - First times loaded {USD/JPY={Ticks=1052082000626, 1 Min=1052082000000, Hourly=1052082000000, Daily=508377600000}}
2017-11-12 09:42:47.833 INFO  singlejartest.Main - from: 2017/04/01 00:00:00 to: 2017/04/29 23:00:00
2017-11-12 09:42:47.833 INFO  singlejartest.Main - Starting strategy
2017-11-12 09:42:47.874 INFO  singlejartest.Main - Strategy started: 0
2017-11-12 09:42:47.874 INFO  singlejartest.Main - Getting prices before start time
2017-11-12 09:42:48.165 INFO  singlejartest.Main - Creating data loading threads
2017-11-12 09:42:48.292 INFO  singlejartest.Main - Getting prices before start time
2017-11-12 09:42:48.333 WARN  com.dukascopy.api.impl.connect.WLabelData - White Label Image is not received
2017-11-12 09:42:48.345 INFO  singlejartest.Main - Filling in-progress candles
2017-11-12 09:42:48.857 INFO  singlejartest.Main - Executing onStart
2017-11-12 09:42:48.859 INFO  singlejartest.Main - Running
2017-11-12 09:42:49.344 INFO  singlejartest.Main - Running, Sat 2017.04.01 00:30 Eq: 50,000.00 UoL: .00%
2017-11-12 09:42:49.439 INFO  singlejartest.Main - Running, Sat 2017.04.01 01:00 Eq: 50,000.00 UoL: .00%
2017-11-12 09:42:49.469 INFO  singlejartest.Main - Running, Sat 2017.04.01 01:30 Eq: 50,000.00 UoL: .00%
2017-11-12 09:42:49.500 INFO  singlejartest.Main - Running, Sat 2017.04.01 02:00 Eq: 50,000.00 UoL: .00%
2017-11-12 09:42:49.519 INFO  singlejartest.Main - Running, Sat 2017.04.01 02:30 Eq: 50,000.00 UoL: .00%
2017-11-12 09:42:49.540 INFO  singlejartest.Main - Running, Sat 2017.04.01 03:00 Eq: 50,000.00 UoL: .00%
2017-11-12 09:42:49.552 INFO  singlejartest.Main - Running, Sat 2017.04.01 03:30 Eq: 50,000.00 UoL: .00%
2017-11-12 09:42:49.568 INFO  singlejartest.Main - Running, Sat 2017.04.01 04:00 Eq: 50,000.00 UoL: .00%
2017-11-12 09:42:49.577 INFO  singlejartest.Main - Running, Sat 2017.04.01 04:30 Eq: 50,000.00 UoL: .00%
2017-11-12 09:42:49.588 INFO  singlejartest.Main - Running, Sat 2017.04.01 05:00 Eq: 50,000.00 UoL: .00%
2017-11-12 09:42:49.599 INFO  singlejartest.Main - Running, Sat 2017.04.01 05:30 Eq: 50,000.00 UoL: .00%
2017-11-12 09:42:49.615 INFO  singlejartest.Main - Running, Sat 2017.04.01 06:00 Eq: 50,000.00 UoL: .00%
2017-11-12 09:42:49.628 INFO  singlejartest.Main - Running, Sat 2017.04.01 06:30 Eq: 50,000.00 UoL: .00%
2017-11-12 09:42:49.641 INFO  singlejartest.Main - Running, Sat 2017.04.01 07:00 Eq: 50,000.00 UoL: .00%
2017-11-12 09:42:49.651 INFO  singlejartest.Main - Running, Sat 2017.04.01 07:30 Eq: 50,000.00 UoL: .00%
2017-11-12 09:42:49.665 INFO  singlejartest.Main - Running, Sat 2017.04.01 08:00 Eq: 50,000.00 UoL: .00%
2017-11-12 09:42:49.675 INFO  singlejartest.Main - Running, Sat 2017.04.01 08:30 Eq: 50,000.00 UoL: .00%
2017-11-12 09:42:49.689 INFO  singlejartest.Main - Running, Sat 2017.04.01 09:00 Eq: 50,000.00 UoL: .00%
2017-11-12 09:42:49.700 INFO  singlejartest.Main - Running, Sat 2017.04.01 09:30 Eq: 50,000.00 UoL: .00%
2017-11-12 09:42:49.713 INFO  singlejartest.Main - Running, Sat 2017.04.01 10:00 Eq: 50,000.00 UoL: .00%
2017-11-12 09:42:49.721 INFO  singlejartest.Main - Running, Sat 2017.04.01 10:30 Eq: 50,000.00 UoL: .00%
2017-11-12 09:42:49.732 INFO  singlejartest.Main - Running, Sat 2017.04.01 11:00 Eq: 50,000.00 UoL: .00%
2017-11-12 09:42:49.739 INFO  singlejartest.Main - Running, Sat 2017.04.01 11:30 Eq: 50,000.00 UoL: .00%
2017-11-12 09:42:49.752 INFO  singlejartest.Main - Running, Sat 2017.04.01 12:00 Eq: 50,000.00 UoL: .00%
2017-11-12 09:42:49.759 INFO  singlejartest.Main - Running, Sat 2017.04.01 12:30 Eq: 50,000.00 UoL: .00%
2017-11-12 09:42:49.769 INFO  singlejartest.Main - Running, Sat 2017.04.01 13:00 Eq: 50,000.00 UoL: .00%
2017-11-12 09:42:49.776 INFO  singlejartest.Main - Running, Sat 2017.04.01 13:30 Eq: 50,000.00 UoL: .00%
2017-11-12 09:42:49.787 INFO  singlejartest.Main - Running, Sat 2017.04.01 14:00 Eq: 50,000.00 UoL: .00%
2017-11-12 09:42:49.793 INFO  singlejartest.Main - Running, Sat 2017.04.01 14:30 Eq: 50,000.00 UoL: .00%
2017-11-12 09:42:49.811 INFO  singlejartest.Main - Running, Sat 2017.04.01 15:00 Eq: 50,000.00 UoL: .00%
2017-11-12 09:42:49.817 INFO  singlejartest.Main - Running, Sat 2017.04.01 15:30 Eq: 50,000.00 UoL: .00%
2017-11-12 09:42:49.826 INFO  singlejartest.Main - Running, Sat 2017.04.01 16:00 Eq: 50,000.00 UoL: .00%
2017-11-12 09:42:49.832 INFO  singlejartest.Main - Running, Sat 2017.04.01 16:30 Eq: 50,000.00 UoL: .00%
2017-11-12 09:42:49.841 INFO  singlejartest.Main - Running, Sat 2017.04.01 17:00 Eq: 50,000.00 UoL: .00%
2017-11-12 09:42:49.848 INFO  singlejartest.Main - Running, Sat 2017.04.01 17:30 Eq: 50,000.00 UoL: .00%
2017-11-12 09:42:49.857 INFO  singlejartest.Main - Running, Sat 2017.04.01 18:00 Eq: 50,000.00 UoL: .00%
2017-11-12 09:42:49.863 INFO  singlejartest.Main - Running, Sat 2017.04.01 18:30 Eq: 50,000.00 UoL: .00%
2017-11-12 09:42:49.872 INFO  singlejartest.Main - Running, Sat 2017.04.01 19:00 Eq: 50,000.00 UoL: .00%
2017-11-12 09:42:49.877 INFO  singlejartest.Main - Running, Sat 2017.04.01 19:30 Eq: 50,000.00 UoL: .00%
2017-11-12 09:42:49.886 INFO  singlejartest.Main - Running, Sat 2017.04.01 20:00 Eq: 50,000.00 UoL: .00%
2017-11-12 09:42:49.892 INFO  singlejartest.Main - Running, Sat 2017.04.01 20:30 Eq: 50,000.00 UoL: .00%
2017-11-12 09:42:49.900 INFO  singlejartest.Main - Running, Sat 2017.04.01 21:00 Eq: 50,000.00 UoL: .00%
2017-11-12 09:42:49.907 INFO  singlejartest.Main - Running, Sat 2017.04.01 21:30 Eq: 50,000.00 UoL: .00%
2017-11-12 09:42:49.916 INFO  singlejartest.Main - Running, Sun 2017.04.01 22:00 Eq: 50,000.00 UoL: .00%
2017-11-12 09:42:49.922 INFO  singlejartest.Main - Running, Sun 2017.04.01 22:30 Eq: 50,000.00 UoL: .00%
2017-11-12 09:42:49.930 INFO  singlejartest.Main - Running, Sun 2017.04.01 23:00 Eq: 50,000.00 UoL: .00%
2017-11-12 09:42:49.935 INFO  singlejartest.Main - Running, Sun 2017.04.01 23:30 Eq: 50,000.00 UoL: .00%
2017-11-12 09:42:49.943 INFO  singlejartest.Main - Running, Sun 2017.04.02 00:00 Eq: 50,000.00 UoL: .00%
2017-11-12 09:42:49.948 INFO  singlejartest.Main - Running, Sun 2017.04.02 00:30 Eq: 50,000.00 UoL: .00%
2017-11-12 09:42:49.956 INFO  singlejartest.Main - Running, Sun 2017.04.02 01:00 Eq: 50,000.00 UoL: .00%
2017-11-12 09:42:49.961 INFO  singlejartest.Main - Running, Sun 2017.04.02 01:30 Eq: 50,000.00 UoL: .00%
2017-11-12 09:42:49.971 INFO  singlejartest.Main - Running, Sun 2017.04.02 02:00 Eq: 50,000.00 UoL: .00%
2017-11-12 09:42:49.976 INFO  singlejartest.Main - Running, Sun 2017.04.02 02:30 Eq: 50,000.00 UoL: .00%
2017-11-12 09:42:49.985 INFO  singlejartest.Main - Running, Sun 2017.04.02 03:00 Eq: 50,000.00 UoL: .00%
2017-11-12 09:42:49.990 INFO  singlejartest.Main - Running, Sun 2017.04.02 03:30 Eq: 50,000.00 UoL: .00%
2017-11-12 09:42:49.999 INFO  singlejartest.Main - Running, Sun 2017.04.02 04:00 Eq: 50,000.00 UoL: .00%
2017-11-12 09:42:50.005 INFO  singlejartest.Main - Running, Sun 2017.04.02 04:30 Eq: 50,000.00 UoL: .00%
2017-11-12 09:42:50.015 INFO  singlejartest.Main - Running, Sun 2017.04.02 05:00 Eq: 50,000.00 UoL: .00%
2017-11-12 09:42:50.019 INFO  singlejartest.Main - Running, Sun 2017.04.02 05:30 Eq: 50,000.00 UoL: .00%
2017-11-12 09:42:50.026 INFO  singlejartest.Main - Running, Sun 2017.04.02 06:00 Eq: 50,000.00 UoL: .00%
2017-11-12 09:42:50.031 INFO  singlejartest.Main - Running, Sun 2017.04.02 06:30 Eq: 50,000.00 UoL: .00%
2017-11-12 09:42:50.038 INFO  singlejartest.Main - Running, Sun 2017.04.02 07:00 Eq: 50,000.00 UoL: .00%
2017-11-12 09:42:50.042 INFO  singlejartest.Main - Running, Sun 2017.04.02 07:30 Eq: 50,000.00 UoL: .00%
2017-11-12 09:42:50.050 INFO  singlejartest.Main - Running, Sun 2017.04.02 08:00 Eq: 50,000.00 UoL: .00%
2017-11-12 09:42:50.054 INFO  singlejartest.Main - Running, Sun 2017.04.02 08:30 Eq: 50,000.00 UoL: .00%
2017-11-12 09:42:50.064 INFO  singlejartest.Main - Running, Sun 2017.04.02 09:00 Eq: 50,000.00 UoL: .00%
2017-11-12 09:42:50.069 INFO  singlejartest.Main - Running, Sun 2017.04.02 09:30 Eq: 50,000.00 UoL: .00%
2017-11-12 09:42:50.080 INFO  singlejartest.Main - Running, Sun 2017.04.02 10:00 Eq: 50,000.00 UoL: .00%
2017-11-12 09:42:50.085 INFO  singlejartest.Main - Running, Sun 2017.04.02 10:30 Eq: 50,000.00 UoL: .00%
2017-11-12 09:42:50.094 INFO  singlejartest.Main - Running, Sun 2017.04.02 11:00 Eq: 50,000.00 UoL: .00%
2017-11-12 09:42:50.099 INFO  singlejartest.Main - Running, Sun 2017.04.02 11:30 Eq: 50,000.00 UoL: .00%
2017-11-12 09:42:50.113 INFO  singlejartest.Main - Running, Sun 2017.04.02 12:00 Eq: 50,000.00 UoL: .00%
2017-11-12 09:42:50.117 INFO  singlejartest.Main - Running, Sun 2017.04.02 12:30 Eq: 50,000.00 UoL: .00%
2017-11-12 09:42:50.122 INFO  singlejartest.Main - Running, Sun 2017.04.02 13:00 Eq: 50,000.00 UoL: .00%
2017-11-12 09:42:50.125 INFO  singlejartest.Main - Running, Sun 2017.04.02 13:30 Eq: 50,000.00 UoL: .00%
2017-11-12 09:42:50.131 INFO  singlejartest.Main - Running, Sun 2017.04.02 14:00 Eq: 50,000.00 UoL: .00%
2017-11-12 09:42:50.134 INFO  singlejartest.Main - Running, Sun 2017.04.02 14:30 Eq: 50,000.00 UoL: .00%
2017-11-12 09:42:50.139 INFO  singlejartest.Main - Running, Sun 2017.04.02 15:00 Eq: 50,000.00 UoL: .00%
2017-11-12 09:42:50.143 INFO  singlejartest.Main - Running, Sun 2017.04.02 15:30 Eq: 50,000.00 UoL: .00%
2017-11-12 09:42:50.148 INFO  singlejartest.Main - Running, Sun 2017.04.02 16:00 Eq: 50,000.00 UoL: .00%
2017-11-12 09:42:50.151 INFO  singlejartest.Main - Running, Sun 2017.04.02 16:30 Eq: 50,000.00 UoL: .00%
2017-11-12 09:42:50.155 INFO  singlejartest.Main - Running, Sun 2017.04.02 17:00 Eq: 50,000.00 UoL: .00%
2017-11-12 09:42:50.158 INFO  singlejartest.Main - Running, Sun 2017.04.02 17:30 Eq: 50,000.00 UoL: .00%
2017-11-12 09:42:50.163 INFO  singlejartest.Main - Running, Sun 2017.04.02 18:00 Eq: 50,000.00 UoL: .00%
2017-11-12 09:42:50.165 INFO  singlejartest.Main - Running, Sun 2017.04.02 18:30 Eq: 50,000.00 UoL: .00%
2017-11-12 09:42:50.170 INFO  singlejartest.Main - Running, Sun 2017.04.02 19:00 Eq: 50,000.00 UoL: .00%
2017-11-12 09:42:50.172 INFO  singlejartest.Main - Running, Sun 2017.04.02 19:30 Eq: 50,000.00 UoL: .00%
2017-11-12 09:42:50.176 INFO  singlejartest.Main - Running, Sun 2017.04.02 20:00 Eq: 50,000.00 UoL: .00%
2017-11-12 09:42:50.179 INFO  singlejartest.Main - Running, Sun 2017.04.02 20:30 Eq: 50,000.00 UoL: .00%
2017-11-12 09:42:50.183 INFO  singlejartest.Main - Running, Sun 2017.04.02 21:00 Eq: 50,000.00 UoL: .00%
2017-11-12 09:42:50.235 INFO  singlejartest.Main - Running, Sun 2017.04.02 21:30 Eq: 50,000.00 UoL: .00%
2017-11-12 09:42:50.293 INFO  singlejartest.Main - Running, Mon 2017.04.02 22:00 Eq: 50,000.00 UoL: .00%
2017-11-12 09:42:50.363 INFO  singlejartest.Main - Running, Mon 2017.04.02 22:30 Eq: 50,000.00 UoL: .00%
2017-11-12 09:42:50.420 INFO  singlejartest.Main - Running, Mon 2017.04.02 23:00 Eq: 50,000.00 UoL: .00%
2017-11-12 09:42:50.492 INFO  singlejartest.Main - Running, Mon 2017.04.02 23:30 Eq: 50,000.00 UoL: .00%
2017-11-12 09:42:50.583 INFO  singlejartest.Main - Running, Mon 2017.04.03 00:00 Eq: 50,000.00 UoL: .00%
2017-11-12 09:42:50.703 INFO  singlejartest.Main - Running, Mon 2017.04.03 00:30 Eq: 50,000.00 UoL: .00%
2017-11-12 09:42:50.788 INFO  singlejartest.Main - Running, Mon 2017.04.03 01:00 Eq: 50,000.00 UoL: .00%
2017-11-12 09:42:50.857 INFO  singlejartest.Main - Running, Mon 2017.04.03 01:30 Eq: 50,000.00 UoL: .00%
2017-11-12 09:42:50.930 INFO  singlejartest.Main - Running, Mon 2017.04.03 02:00 Eq: 50,000.00 UoL: .00%
2017-11-12 09:42:50.982 INFO  singlejartest.Main - Running, Mon 2017.04.03 02:30 Eq: 50,000.00 UoL: .00%
2017-11-12 09:42:51.019 INFO  singlejartest.Main - Running, Mon 2017.04.03 03:00 Eq: 50,000.00 UoL: .00%
2017-11-12 09:42:51.066 INFO  singlejartest.Main - Running, Mon 2017.04.03 03:30 Eq: 50,000.00 UoL: .00%
2017-11-12 09:42:51.152 INFO  singlejartest.Main - Running, Mon 2017.04.03 04:00 Eq: 50,000.00 UoL: .00%
2017-11-12 09:42:51.207 INFO  singlejartest.Main - Running, Mon 2017.04.03 04:30 Eq: 50,000.00 UoL: .00%
2017-11-12 09:42:51.287 INFO  singlejartest.Main - Running, Mon 2017.04.03 05:00 Eq: 50,000.00 UoL: .00%
2017-11-12 09:42:51.338 INFO  singlejartest.Main - Running, Mon 2017.04.03 05:30 Eq: 50,000.00 UoL: .00%
2017-11-12 09:42:51.412 INFO  singlejartest.Main - Running, Mon 2017.04.03 06:00 Eq: 50,000.00 UoL: .00%
2017-11-12 09:42:51.505 INFO  singlejartest.Main - Running, Mon 2017.04.03 06:30 Eq: 50,000.00 UoL: .00%
2017-11-12 09:42:51.588 INFO  singlejartest.Main - Running, Mon 2017.04.03 07:00 Eq: 50,000.00 UoL: .00%
2017-11-12 09:42:51.712 INFO  singlejartest.Main - Running, Mon 2017.04.03 07:30 Eq: 50,000.00 UoL: .00%
2017-11-12 09:42:51.863 INFO  singlejartest.Main - Running, Mon 2017.04.03 08:00 Eq: 47,998.01 UoL: 102.11%
2017-11-12 09:42:52.047 INFO  singlejartest.Main - Running, Mon 2017.04.03 08:30 Eq: 46,059.32 UoL: 106.37%
2017-11-12 09:42:52.206 INFO  singlejartest.Main - Running, Mon 2017.04.03 09:00 Eq: 37,197.06 UoL: 131.76%
2017-11-12 09:42:52.379 INFO  singlejartest.Main - Running, Mon 2017.04.03 09:30 Eq: 31,589.72 UoL: 105.08%
2017-11-12 09:42:52.485 INFO  singlejartest.Main - Running, Mon 2017.04.03 10:00 Eq: 22,632.44 UoL: 146.60%
2017-11-12 09:42:52.595 INFO  singlejartest.Main - Running, Mon 2017.04.03 10:30 Eq: 22,206.36 UoL: 149.40%
2017-11-12 09:42:52.689 INFO  singlejartest.Main - Running, Mon 2017.04.03 11:00 Eq: 25,438.79 UoL: 130.43%
2017-11-12 09:42:52.778 INFO  singlejartest.Main - Running, Mon 2017.04.03 11:30 Eq: 26,998.70 UoL: 122.93%
2017-11-12 09:42:52.869 INFO  singlejartest.Main - Running, Mon 2017.04.03 12:00 Eq: 28,473.32 UoL: 116.58%
2017-11-12 09:42:53.122 INFO  singlejartest.Main - Running, Mon 2017.04.03 12:30 Eq: 32,931.29 UoL: 101.10%
2017-11-12 09:42:53.392 INFO  singlejartest.Main - Running, Mon 2017.04.03 13:00 Eq: 30,338.42 UoL: 114.88%
2017-11-12 09:42:53.531 INFO  singlejartest.Main - Running, Mon 2017.04.03 13:30 Eq: 31,068.13 UoL: 112.15%
2017-11-12 09:42:53.732 INFO  singlejartest.Main - Running, Mon 2017.04.03 14:00 Eq: 26,647.87 UoL: 130.75%
2017-11-12 09:42:53.987 INFO  singlejartest.Main - Running, Mon 2017.04.03 14:30 Eq: 30,469.00 UoL: 114.46%
2017-11-12 09:42:54.288 INFO  singlejartest.Main - Running, Mon 2017.04.03 15:00 Eq: 46,268.73 UoL: 108.31%
2017-11-12 09:42:54.583 INFO  singlejartest.Main - Running, Mon 2017.04.03 15:30 Eq: 48,166.94 UoL: 106.37%
2017-11-12 09:42:54.747 INFO  singlejartest.Main - Running, Mon 2017.04.03 16:00 Eq: 48,885.93 UoL: 104.86%
2017-11-12 09:42:54.888 INFO  singlejartest.Main - Running, Mon 2017.04.03 16:30 Eq: 44,260.58 UoL: 115.70%
2017-11-12 09:42:55.007 INFO  singlejartest.Main - Running, Mon 2017.04.03 17:00 Eq: 47,562.34 UoL: 107.67%
2017-11-12 09:42:55.087 INFO  singlejartest.Main - Running, Mon 2017.04.03 17:30 Eq: 49,107.78 UoL: 104.20%
2017-11-12 09:42:55.161 INFO  singlejartest.Main - Running, Mon 2017.04.03 18:00 Eq: 49,861.60 UoL: 102.68%
2017-11-12 09:42:55.255 INFO  singlejartest.Main - Running, Mon 2017.04.03 18:30 Eq: 50,943.43 UoL: 100.54%
2017-11-12 09:42:55.340 INFO  singlejartest.Main - Running, Mon 2017.04.03 19:00 Eq: 51,343.47 UoL: 99.75%
2017-11-12 09:42:55.430 INFO  singlejartest.Main - Running, Mon 2017.04.03 19:30 Eq: 48,540.89 UoL: 105.47%
2017-11-12 09:42:55.509 INFO  singlejartest.Main - Running, Mon 2017.04.03 20:00 Eq: 52,748.91 UoL: 97.12%
2017-11-12 09:42:55.558 INFO  singlejartest.Main - Running, Mon 2017.04.03 20:30 Eq: 49,280.21 UoL: 103.90%
2017-11-12 09:42:55.624 INFO  singlejartest.Main - Running, Mon 2017.04.03 21:00 Eq: 48,219.96 UoL: 106.23%
2017-11-12 09:42:55.652 INFO  singlejartest.Main - Running, Mon 2017.04.03 21:30 Eq: 48,582.37 UoL: 105.42%
2017-11-12 09:42:55.676 INFO  singlejartest.Main - Running, Tue 2017.04.03 22:00 Eq: 51,399.56 UoL: 99.71%
2017-11-12 09:42:55.724 INFO  singlejartest.Main - Running, Tue 2017.04.03 22:30 Eq: 50,446.53 UoL: 101.60%
2017-11-12 09:42:55.770 INFO  singlejartest.Main - Running, Tue 2017.04.03 23:00 Eq: 49,853.50 UoL: 102.79%
2017-11-12 09:42:55.833 INFO  singlejartest.Main - Running, Tue 2017.04.03 23:30 Eq: 55,652.57 UoL: 92.22%
2017-11-12 09:42:55.913 INFO  singlejartest.Main - Running, Tue 2017.04.04 00:00 Eq: 56,715.12 UoL: 90.49%
2017-11-12 09:42:56.020 INFO  singlejartest.Main - Running, Tue 2017.04.04 00:30 Eq: 59,334.18 UoL: 86.51%
2017-11-12 09:42:56.130 INFO  singlejartest.Main - Running, Tue 2017.04.04 01:00 Eq: 59,459.77 UoL: 86.35%
2017-11-12 09:42:56.226 INFO  singlejartest.Main - Running, Tue 2017.04.04 01:30 Eq: 58,523.18 UoL: 87.77%
2017-11-12 09:42:56.329 INFO  singlejartest.Main - Running, Tue 2017.04.04 02:00 Eq: 57,555.13 UoL: 89.16%
2017-11-12 09:42:56.403 INFO  singlejartest.Main - Running, Tue 2017.04.04 02:30 Eq: 57,792.70 UoL: 88.82%
2017-11-12 09:42:56.482 INFO  singlejartest.Main - Running, Tue 2017.04.04 03:00 Eq: 57,779.89 UoL: 88.88%
2017-11-12 09:42:56.522 INFO  singlejartest.Main - Running, Tue 2017.04.04 03:30 Eq: 61,413.62 UoL: 83.67%
2017-11-12 09:42:56.615 INFO  singlejartest.Main - Running, Tue 2017.04.04 04:00 Eq: 63,179.77 UoL: 81.33%
2017-11-12 09:42:56.703 INFO  singlejartest.Main - Running, Tue 2017.04.04 04:30 Eq: 73,588.24 UoL: 69.86%
2017-11-12 09:42:56.800 INFO  singlejartest.Main - Running, Tue 2017.04.04 05:00 Eq: 73,713.66 UoL: 69.75%
2017-11-12 09:42:56.912 INFO  singlejartest.Main - Running, Tue 2017.04.04 05:30 Eq: 89,491.31 UoL: 57.47%
2017-11-12 09:42:57.006 INFO  singlejartest.Main - Running, Tue 2017.04.04 06:00 Eq: 83,761.75 UoL: 61.38%
2017-11-12 09:42:57.138 INFO  singlejartest.Main - Running, Tue 2017.04.04 06:30 Eq: 86,898.37 UoL: 59.22%
2017-11-12 09:42:57.265 INFO  singlejartest.Main - Running, Tue 2017.04.04 07:00 Eq: 91,646.51 UoL: 56.20%
2017-11-12 09:42:57.391 INFO  singlejartest.Main - Running, Tue 2017.04.04 07:30 Eq: 85,381.08 UoL: 60.25%
2017-11-12 09:42:57.518 INFO  singlejartest.Main - Running, Tue 2017.04.04 08:00 Eq: 92,503.63 UoL: 55.69%
2017-11-12 09:42:57.614 INFO  singlejartest.Main - Running, Tue 2017.04.04 08:30 Eq: 88,908.24 UoL: 57.90%
2017-11-12 09:42:57.730 INFO  singlejartest.Main - Running, Tue 2017.04.04 09:00 Eq: 86,825.83 UoL: 59.25%
2017-11-12 09:42:57.824 INFO  singlejartest.Main - Running, Tue 2017.04.04 09:30 Eq: 83,827.97 UoL: 61.44%
2017-11-12 09:42:57.911 INFO  singlejartest.Main - Running, Tue 2017.04.04 10:00 Eq: 77,666.76 UoL: 66.28%
2017-11-12 09:42:58.035 INFO  singlejartest.Main - Running, Tue 2017.04.04 10:30 Eq: 80,699.27 UoL: 63.83%
2017-11-12 09:42:58.144 INFO  singlejartest.Main - Running, Tue 2017.04.04 11:00 Eq: 85,526.22 UoL: 60.28%
2017-11-12 09:42:58.266 INFO  singlejartest.Main - Running, Tue 2017.04.04 11:30 Eq: 90,640.23 UoL: 56.89%
2017-11-12 09:42:58.415 INFO  singlejartest.Main - Running, Tue 2017.04.04 12:00 Eq: 98,066.46 UoL: 52.63%
2017-11-12 09:42:58.548 INFO  singlejartest.Main - Running, Tue 2017.04.04 12:30 Eq: 89,540.90 UoL: 57.55%
2017-11-12 09:42:58.715 INFO  singlejartest.Main - Running, Tue 2017.04.04 13:00 Eq: 89,010.55 UoL: 57.83%
2017-11-12 09:42:58.862 INFO  singlejartest.Main - Running, Tue 2017.04.04 13:30 Eq: 72,511.52 UoL: 70.88%
2017-11-12 09:42:59.046 INFO  singlejartest.Main - Running, Tue 2017.04.04 14:00 Eq: 78,137.73 UoL: 65.84%
2017-11-12 09:42:59.215 INFO  singlejartest.Main - Running, Tue 2017.04.04 14:30 Eq: 77,083.43 UoL: 66.72%
2017-11-12 09:42:59.387 INFO  singlejartest.Main - Running, Tue 2017.04.04 15:00 Eq: 82,338.15 UoL: 62.45%
2017-11-12 09:42:59.556 INFO  singlejartest.Main - Running, Tue 2017.04.04 15:30 Eq: 74,376.96 UoL: 69.02%
2017-11-12 09:42:59.707 INFO  singlejartest.Main - Running, Tue 2017.04.04 16:00 Eq: 76,648.85 UoL: 66.97%
2017-11-12 09:42:59.793 INFO  singlejartest.Main - Running, Tue 2017.04.04 16:30 Eq: 78,264.77 UoL: 65.58%
2017-11-12 09:42:59.883 INFO  singlejartest.Main - Running, Tue 2017.04.04 17:00 Eq: 80,261.30 UoL: 63.99%
2017-11-12 09:42:59.992 INFO  singlejartest.Main - Running, Tue 2017.04.04 17:30 Eq: 78,387.51 UoL: 65.59%
2017-11-12 09:43:00.070 INFO  singlejartest.Main - Running, Tue 2017.04.04 18:00 Eq: 77,128.39 UoL: 66.59%
2017-11-12 09:43:00.123 INFO  singlejartest.Main - Running, Tue 2017.04.04 18:30 Eq: 74,199.51 UoL: 69.19%
2017-11-12 09:43:00.197 INFO  singlejartest.Main - Running, Tue 2017.04.04 19:00 Eq: 75,389.78 UoL: 68.11%
2017-11-12 09:43:00.255 INFO  singlejartest.Main - Running, Tue 2017.04.04 19:30 Eq: 73,480.66 UoL: 69.85%
2017-11-12 09:43:00.327 INFO  singlejartest.Main - Running, Tue 2017.04.04 20:00 Eq: 73,096.67 UoL: 70.20%
2017-11-12 09:43:00.366 INFO  singlejartest.Main - Running, Tue 2017.04.04 20:30 Eq: 73,755.01 UoL: 69.53%
2017-11-12 09:43:00.423 INFO  singlejartest.Main - Running, Tue 2017.04.04 21:00 Eq: 74,139.27 UoL: 69.15%
2017-11-12 09:43:00.449 INFO  singlejartest.Main - Running, Tue 2017.04.04 21:30 Eq: 74,811.83 UoL: 68.55%
2017-11-12 09:43:00.492 INFO  singlejartest.Main - Running, Wed 2017.04.04 22:00 Eq: 74,388.96 UoL: 68.92%
2017-11-12 09:43:00.543 INFO  singlejartest.Main - Running, Wed 2017.04.04 22:30 Eq: 77,896.55 UoL: 65.80%
2017-11-12 09:43:00.623 INFO  singlejartest.Main - Running, Wed 2017.04.04 23:00 Eq: 71,632.57 UoL: 71.49%
2017-11-12 09:43:00.660 INFO  singlejartest.Main - Running, Wed 2017.04.04 23:30 Eq: 72,316.00 UoL: 70.84%
2017-11-12 09:43:00.709 INFO  singlejartest.Main - Running, Wed 2017.04.05 00:00 Eq: 69,975.41 UoL: 73.17%
2017-11-12 09:43:00.786 INFO  singlejartest.Main - Running, Wed 2017.04.05 00:30 Eq: 68,946.52 UoL: 74.26%
2017-11-12 09:43:00.872 INFO  singlejartest.Main - Running, Wed 2017.04.05 01:00 Eq: 73,288.37 UoL: 69.92%
2017-11-12 09:43:00.960 INFO  singlejartest.Main - Running, Wed 2017.04.05 01:30 Eq: 71,149.77 UoL: 72.01%
2017-11-12 09:43:01.033 INFO  singlejartest.Main - Running, Wed 2017.04.05 02:00 Eq: 70,367.93 UoL: 72.79%
2017-11-12 09:43:01.080 INFO  singlejartest.Main - Running, Wed 2017.04.05 02:30 Eq: 71,384.71 UoL: 71.79%
2017-11-12 09:43:01.123 INFO  singlejartest.Main - Running, Wed 2017.04.05 03:00 Eq: 73,424.28 UoL: 69.82%
2017-11-12 09:43:01.177 INFO  singlejartest.Main - Running, Wed 2017.04.05 03:30 Eq: 77,576.53 UoL: 66.12%
2017-11-12 09:43:01.253 INFO  singlejartest.Main - Running, Wed 2017.04.05 04:00 Eq: 77,647.87 UoL: 66.09%
2017-11-12 09:43:01.323 INFO  singlejartest.Main - Running, Wed 2017.04.05 04:30 Eq: 77,441.64 UoL: 66.28%
2017-11-12 09:43:01.381 INFO  singlejartest.Main - Running, Wed 2017.04.05 05:00 Eq: 76,549.16 UoL: 67.04%
2017-11-12 09:43:01.446 INFO  singlejartest.Main - Running, Wed 2017.04.05 05:30 Eq: 76,247.13 UoL: 67.30%
2017-11-12 09:43:01.545 INFO  singlejartest.Main - Running, Wed 2017.04.05 06:00 Eq: 72,964.56 UoL: 70.27%
2017-11-12 09:43:01.640 INFO  singlejartest.Main - Running, Wed 2017.04.05 06:30 Eq: 81,440.70 UoL: 63.02%
2017-11-12 09:43:01.771 INFO  singlejartest.Main - Running, Wed 2017.04.05 07:00 Eq: 78,553.55 UoL: 65.28%
2017-11-12 09:43:01.899 INFO  singlejartest.Main - Running, Wed 2017.04.05 07:30 Eq: 75,711.44 UoL: 67.68%
2017-11-12 09:43:02.037 INFO  singlejartest.Main - Running, Wed 2017.04.05 08:00 Eq: 80,534.29 UoL: 63.74%
2017-11-12 09:43:02.141 INFO  singlejartest.Main - Running, Wed 2017.04.05 08:30 Eq: 80,004.97 UoL: 64.11%
2017-11-12 09:43:02.284 INFO  singlejartest.Main - Running, Wed 2017.04.05 09:00 Eq: 60,925.85 UoL: 84.12%
2017-11-12 09:43:02.407 INFO  singlejartest.Main - Running, Wed 2017.04.05 09:30 Eq: 51,032.00 UoL: 100.38%
2017-11-12 09:43:02.531 INFO  singlejartest.Main - Running, Wed 2017.04.05 10:00 Eq: 51,518.48 UoL: 99.45%
2017-11-12 09:43:02.609 INFO  singlejartest.Main - Running, Wed 2017.04.05 10:30 Eq: 53,145.76 UoL: 96.43%
2017-11-12 09:43:02.710 INFO  singlejartest.Main - Running, Wed 2017.04.05 11:00 Eq: 53,354.38 UoL: 96.03%
2017-11-12 09:43:02.792 INFO  singlejartest.Main - Running, Wed 2017.04.05 11:30 Eq: 56,574.40 UoL: 90.61%
2017-11-12 09:43:02.950 INFO  singlejartest.Main - Running, Wed 2017.04.05 12:00 Eq: 42,316.11 UoL: 120.86%
2017-11-12 09:43:03.134 INFO  singlejartest.Main - Running, Wed 2017.04.05 12:30 Eq: 36,212.92 UoL: 141.12%
2017-11-12 09:43:03.275 INFO  singlejartest.Main - Running, Wed 2017.04.05 13:00 Eq: 39,502.38 UoL: 129.35%
2017-11-12 09:43:03.421 INFO  singlejartest.Main - Running, Wed 2017.04.05 13:30 Eq: 34,209.02 UoL: 149.24%
2017-11-12 09:43:03.593 INFO  singlejartest.Main - Running, Wed 2017.04.05 14:00 Eq: 28,201.12 UoL: 180.94%
2017-11-12 09:43:03.773 INFO  singlejartest.Main - Running, Wed 2017.04.05 14:30 Eq: 33,695.57 UoL: 151.71%
2017-11-12 09:43:03.945 INFO  singlejartest.Main - Running, Wed 2017.04.05 15:00 Eq: 40,151.11 UoL: 127.36%
2017-11-12 09:43:04.096 INFO  singlejartest.Main - Running, Wed 2017.04.05 15:30 Eq: 41,687.37 UoL: 122.66%
2017-11-12 09:43:04.207 INFO  singlejartest.Main - Running, Wed 2017.04.05 16:00 Eq: 33,585.67 UoL: 152.21%
2017-11-12 09:43:04.295 INFO  singlejartest.Main - Running, Wed 2017.04.05 16:30 Eq: 35,934.22 UoL: 142.29%
2017-11-12 09:43:04.378 INFO  singlejartest.Main - Running, Wed 2017.04.05 17:00 Eq: 38,070.26 UoL: 134.35%
2017-11-12 09:43:04.477 INFO  singlejartest.Main - Running, Wed 2017.04.05 17:30 Eq: 37,041.38 UoL: 138.07%
2017-11-12 09:43:04.593 INFO  singlejartest.Main - Running, Wed 2017.04.05 18:00 Eq: 38,203.59 UoL: 133.82%
2017-11-12 09:43:04.838 INFO  singlejartest.Main - Running, Wed 2017.04.05 18:30 Eq: 35,191.19 UoL: 145.23%
2017-11-12 09:43:05.016 INFO  singlejartest.Main - Running, Wed 2017.04.05 19:00 Eq: 48,687.26 UoL: 105.22%
2017-11-12 09:43:05.193 INFO  singlejartest.Main - Running, Wed 2017.04.05 19:30 Eq: 52,357.19 UoL: 97.93%
2017-11-12 09:43:05.351 INFO  singlejartest.Main - Running, Wed 2017.04.05 20:00 Eq: 55,530.01 UoL: 92.36%
2017-11-12 09:43:05.425 INFO  singlejartest.Main - Running, Wed 2017.04.05 20:30 Eq: 57,474.97 UoL: 89.29%
2017-11-12 09:43:05.488 INFO  singlejartest.Main - Running, Wed 2017.04.05 21:00 Eq: 57,707.55 UoL: 88.95%
2017-11-12 09:43:05.521 INFO  singlejartest.Main - Running, Wed 2017.04.05 21:30 Eq: 57,958.16 UoL: 88.56%
2017-11-12 09:43:05.591 INFO  singlejartest.Main - Running, Thu 2017.04.05 22:00 Eq: 64,004.66 UoL: 80.32%
2017-11-12 09:43:05.682 INFO  singlejartest.Main - Running, Thu 2017.04.05 22:30 Eq: 68,326.16 UoL: 75.26%
2017-11-12 09:43:05.735 INFO  singlejartest.Main - Running, Thu 2017.04.05 23:00 Eq: 66,427.79 UoL: 77.38%
2017-11-12 09:43:05.815 INFO  singlejartest.Main - Running, Thu 2017.04.05 23:30 Eq: 67,593.11 UoL: 76.03%
2017-11-12 09:43:05.881 INFO  singlejartest.Main - Running, Thu 2017.04.06 00:00 Eq: 70,962.77 UoL: 72.49%
2017-11-12 09:43:06.011 INFO  singlejartest.Main - Running, Thu 2017.04.06 00:30 Eq: 69,742.94 UoL: 73.70%
2017-11-12 09:43:06.107 INFO  singlejartest.Main - Running, Thu 2017.04.06 01:00 Eq: 68,183.45 UoL: 75.38%
2017-11-12 09:43:06.187 INFO  singlejartest.Main - Running, Thu 2017.04.06 01:30 Eq: 67,177.27 UoL: 76.49%
2017-11-12 09:43:06.271 INFO  singlejartest.Main - Running, Thu 2017.04.06 02:00 Eq: 64,957.02 UoL: 79.04%
2017-11-12 09:43:06.359 INFO  singlejartest.Main - Running, Thu 2017.04.06 02:30 Eq: 68,712.68 UoL: 74.77%
2017-11-12 09:43:06.433 INFO  singlejartest.Main - Running, Thu 2017.04.06 03:00 Eq: 68,010.80 UoL: 75.54%
2017-11-12 09:43:06.498 INFO  singlejartest.Main - Running, Thu 2017.04.06 03:30 Eq: 69,907.73 UoL: 73.51%
2017-11-12 09:43:06.553 INFO  singlejartest.Main - Running, Thu 2017.04.06 04:00 Eq: 69,973.59 UoL: 73.43%
2017-11-12 09:43:06.612 INFO  singlejartest.Main - Running, Thu 2017.04.06 04:30 Eq: 70,361.78 UoL: 73.05%
2017-11-12 09:43:06.653 INFO  singlejartest.Main - Running, Thu 2017.04.06 05:00 Eq: 65,692.39 UoL: 78.20%
2017-11-12 09:43:06.725 INFO  singlejartest.Main - Running, Thu 2017.04.06 05:30 Eq: 65,977.15 UoL: 77.90%
2017-11-12 09:43:06.841 INFO  singlejartest.Main - Running, Thu 2017.04.06 06:00 Eq: 72,174.62 UoL: 71.26%
2017-11-12 09:43:06.935 INFO  singlejartest.Main - Running, Thu 2017.04.06 06:30 Eq: 65,950.33 UoL: 77.90%
2017-11-12 09:43:07.053 INFO  singlejartest.Main - Running, Thu 2017.04.06 07:00 Eq: 64,376.40 UoL: 79.76%
2017-11-12 09:43:07.260 INFO  singlejartest.Main - Running, Thu 2017.04.06 07:30 Eq: 69,793.71 UoL: 73.88%
2017-11-12 09:43:07.407 INFO  singlejartest.Main - Running, Thu 2017.04.06 08:00 Eq: 65,734.16 UoL: 78.35%
2017-11-12 09:43:07.527 INFO  singlejartest.Main - Running, Thu 2017.04.06 08:30 Eq: 68,575.80 UoL: 74.97%
2017-11-12 09:43:07.677 INFO  singlejartest.Main - Running, Thu 2017.04.06 09:00 Eq: 65,672.49 UoL: 78.20%
2017-11-12 09:43:07.797 INFO  singlejartest.Main - Running, Thu 2017.04.06 09:30 Eq: 55,818.94 UoL: 91.88%
2017-11-12 09:43:07.924 INFO  singlejartest.Main - Running, Thu 2017.04.06 10:00 Eq: 58,260.60 UoL: 88.05%
2017-11-12 09:43:08.012 INFO  singlejartest.Main - Running, Thu 2017.04.06 10:30 Eq: 61,991.95 UoL: 82.78%
2017-11-12 09:43:08.154 INFO  singlejartest.Main - Running, Thu 2017.04.06 11:00 Eq: 59,588.24 UoL: 85.98%
2017-11-12 09:43:08.251 INFO  singlejartest.Main - Running, Thu 2017.04.06 11:30 Eq: 56,703.82 UoL: 90.31%
2017-11-12 09:43:08.418 INFO  singlejartest.Main - Running, Thu 2017.04.06 12:00 Eq: 60,575.78 UoL: 84.63%
2017-11-12 09:43:08.539 INFO  singlejartest.Main - Running, Thu 2017.04.06 12:30 Eq: 57,662.19 UoL: 88.88%
2017-11-12 09:43:08.697 INFO  singlejartest.Main - Running, Thu 2017.04.06 13:00 Eq: 60,285.17 UoL: 85.10%
2017-11-12 09:43:08.805 INFO  singlejartest.Main - Running, Thu 2017.04.06 13:30 Eq: 61,916.38 UoL: 82.88%
2017-11-12 09:43:09.008 INFO  singlejartest.Main - Running, Thu 2017.04.06 14:00 Eq: 56,329.89 UoL: 91.10%
2017-11-12 09:43:09.167 INFO  singlejartest.Main - Running, Thu 2017.04.06 14:30 Eq: 48,156.69 UoL: 106.44%
2017-11-12 09:43:09.336 INFO  singlejartest.Main - Running, Thu 2017.04.06 15:00 Eq: 47,412.68 UoL: 108.18%
2017-11-12 09:43:09.487 INFO  singlejartest.Main - Running, Thu 2017.04.06 15:30 Eq: 43,852.46 UoL: 116.86%
2017-11-12 09:43:09.616 INFO  singlejartest.Main - Running, Thu 2017.04.06 16:00 Eq: 43,343.62 UoL: 118.25%
2017-11-12 09:43:09.703 INFO  singlejartest.Main - Running, Thu 2017.04.06 16:30 Eq: 49,387.97 UoL: 103.83%
2017-11-12 09:43:09.802 INFO  singlejartest.Main - Running, Thu 2017.04.06 17:00 Eq: 53,098.51 UoL: 96.66%
2017-11-12 09:43:09.878 INFO  singlejartest.Main - Running, Thu 2017.04.06 17:30 Eq: 54,128.38 UoL: 94.82%
2017-11-12 09:43:09.967 INFO  singlejartest.Main - Running, Thu 2017.04.06 18:00 Eq: 54,533.69 UoL: 94.11%
2017-11-12 09:43:10.031 INFO  singlejartest.Main - Running, Thu 2017.04.06 18:30 Eq: 56,216.74 UoL: 91.35%
2017-11-12 09:43:10.124 INFO  singlejartest.Main - Running, Thu 2017.04.06 19:00 Eq: 59,535.33 UoL: 86.33%
2017-11-12 09:43:10.208 INFO  singlejartest.Main - Running, Thu 2017.04.06 19:30 Eq: 58,041.02 UoL: 88.52%
2017-11-12 09:43:10.298 INFO  singlejartest.Main - Running, Thu 2017.04.06 20:00 Eq: 60,450.25 UoL: 85.01%
2017-11-12 09:43:10.344 INFO  singlejartest.Main - Running, Thu 2017.04.06 20:30 Eq: 63,012.27 UoL: 81.59%
2017-11-12 09:43:10.391 INFO  singlejartest.Main - Running, Thu 2017.04.06 21:00 Eq: 58,952.35 UoL: 87.15%
2017-11-12 09:43:10.414 INFO  singlejartest.Main - Running, Thu 2017.04.06 21:30 Eq: 58,597.99 UoL: 87.69%
2017-11-12 09:43:10.452 INFO  singlejartest.Main - Running, Fri 2017.04.06 22:00 Eq: 56,955.00 UoL: 90.19%
2017-11-12 09:43:10.478 INFO  singlejartest.Main - Running, Fri 2017.04.06 22:30 Eq: 58,345.58 UoL: 88.03%
2017-11-12 09:43:10.523 INFO  singlejartest.Main - Running, Fri 2017.04.06 23:00 Eq: 58,679.02 UoL: 87.53%
2017-11-12 09:43:10.545 INFO  singlejartest.Main - Running, Fri 2017.04.06 23:30 Eq: 55,606.94 UoL: 92.34%
2017-11-12 09:43:10.641 INFO  singlejartest.Main - Running, Fri 2017.04.07 00:00 Eq: 55,603.73 UoL: 92.33%
2017-11-12 09:43:10.728 INFO  singlejartest.Main - Running, Fri 2017.04.07 00:30 Eq: 54,569.54 UoL: 94.00%
2017-11-12 09:43:10.853 INFO  singlejartest.Main - Running, Fri 2017.04.07 01:00 Eq: 57,797.04 UoL: 88.81%
2017-11-12 09:43:11.059 INFO  singlejartest.Main - Running, Fri 2017.04.07 01:30 Eq: 81,671.12 UoL: 63.13%
2017-11-12 09:43:11.277 INFO  singlejartest.Main - Running, Fri 2017.04.07 02:00 Eq: 84,417.34 UoL: 61.09%
2017-11-12 09:43:11.489 INFO  singlejartest.Main - Running, Fri 2017.04.07 02:30 Eq: 84,965.54 UoL: 60.72%
2017-11-12 09:43:11.623 INFO  singlejartest.Main - Running, Fri 2017.04.07 03:00 Eq: 78,940.31 UoL: 65.32%
2017-11-12 09:43:11.701 INFO  singlejartest.Main - Running, Fri 2017.04.07 03:30 Eq: 77,417.27 UoL: 66.60%
2017-11-12 09:43:11.801 INFO  singlejartest.Main - Running, Fri 2017.04.07 04:00 Eq: 72,816.78 UoL: 70.74%
2017-11-12 09:43:11.884 INFO  singlejartest.Main - Running, Fri 2017.04.07 04:30 Eq: 72,868.35 UoL: 70.67%
2017-11-12 09:43:11.976 INFO  singlejartest.Main - Running, Fri 2017.04.07 05:00 Eq: 72,198.03 UoL: 71.32%
2017-11-12 09:43:12.058 INFO  singlejartest.Main - Running, Fri 2017.04.07 05:30 Eq: 66,689.12 UoL: 77.15%
2017-11-12 09:43:12.187 INFO  singlejartest.Main - Running, Fri 2017.04.07 06:00 Eq: 74,138.13 UoL: 69.48%
2017-11-12 09:43:12.318 INFO  singlejartest.Main - Running, Fri 2017.04.07 06:30 Eq: 68,271.95 UoL: 75.36%
2017-11-12 09:43:12.444 INFO  singlejartest.Main - Running, Fri 2017.04.07 07:00 Eq: 74,204.70 UoL: 69.41%
2017-11-12 09:43:12.586 INFO  singlejartest.Main - Running, Fri 2017.04.07 07:30 Eq: 74,134.02 UoL: 69.48%
2017-11-12 09:43:12.720 INFO  singlejartest.Main - Running, Fri 2017.04.07 08:00 Eq: 71,849.17 UoL: 71.69%
2017-11-12 09:43:12.818 INFO  singlejartest.Main - Running, Fri 2017.04.07 08:30 Eq: 74,285.18 UoL: 69.38%
2017-11-12 09:43:12.959 INFO  singlejartest.Main - Running, Fri 2017.04.07 09:00 Eq: 81,114.96 UoL: 63.50%
2017-11-12 09:43:13.066 INFO  singlejartest.Main - Running, Fri 2017.04.07 09:30 Eq: 83,385.17 UoL: 61.76%
2017-11-12 09:43:13.186 INFO  singlejartest.Main - Running, Fri 2017.04.07 10:00 Eq: 83,081.12 UoL: 61.98%
2017-11-12 09:43:13.272 INFO  singlejartest.Main - Running, Fri 2017.04.07 10:30 Eq: 87,792.33 UoL: 58.67%
2017-11-12 09:43:13.417 INFO  singlejartest.Main - Running, Fri 2017.04.07 11:00 Eq: 83,739.30 UoL: 61.52%
2017-11-12 09:43:13.515 INFO  singlejartest.Main - Running, Fri 2017.04.07 11:30 Eq: 86,212.66 UoL: 59.73%
2017-11-12 09:43:13.692 INFO  singlejartest.Main - Running, Fri 2017.04.07 12:00 Eq: 84,986.96 UoL: 60.64%
2017-11-12 09:43:13.863 INFO  singlejartest.Main - Running, Fri 2017.04.07 12:30 Eq: 74,007.20 UoL: 69.52%
2017-11-12 09:43:14.240 INFO  singlejartest.Main - Running, Fri 2017.04.07 13:00 Eq: 94,868.61 UoL: 54.36%
2017-11-12 09:43:14.474 INFO  singlejartest.Main - Running, Fri 2017.04.07 13:30 Eq: 85,920.75 UoL: 59.90%
2017-11-12 09:43:14.677 INFO  singlejartest.Main - Running, Fri 2017.04.07 14:00 Eq: 97,242.07 UoL: 52.97%
2017-11-12 09:43:14.890 INFO  singlejartest.Main - Running, Fri 2017.04.07 14:30 Eq: 89,866.70 UoL: 57.30%
2017-11-12 09:43:15.046 INFO  singlejartest.Main - Running, Fri 2017.04.07 15:00 Eq: 95,016.34 UoL: 54.25%
2017-11-12 09:43:15.250 INFO  singlejartest.Main - Running, Fri 2017.04.07 15:30 Eq: 87,576.88 UoL: 58.85%
2017-11-12 09:43:15.413 INFO  singlejartest.Main - Running, Fri 2017.04.07 16:00 Eq: 90,610.01 UoL: 56.88%
2017-11-12 09:43:15.496 INFO  singlejartest.Main - Running, Fri 2017.04.07 16:30 Eq: 91,077.93 UoL: 56.61%
2017-11-12 09:43:15.637 INFO  singlejartest.Main - Running, Fri 2017.04.07 17:00 Eq: 77,954.57 UoL: 65.99%
2017-11-12 09:43:15.800 INFO  singlejartest.Main - Running, Fri 2017.04.07 17:30 Eq: 74,023.38 UoL: 69.47%
2017-11-12 09:43:15.910 INFO  singlejartest.Main - Running, Fri 2017.04.07 18:00 Eq: 73,325.57 UoL: 70.13%
2017-11-12 09:43:16.018 INFO  singlejartest.Main - Running, Fri 2017.04.07 18:30 Eq: 77,060.44 UoL: 66.74%
2017-11-12 09:43:16.121 INFO  singlejartest.Main - Running, Fri 2017.04.07 19:00 Eq: 79,932.76 UoL: 64.41%
2017-11-12 09:43:16.209 INFO  singlejartest.Main - Running, Fri 2017.04.07 19:30 Eq: 80,071.57 UoL: 64.26%
2017-11-12 09:43:16.286 INFO  singlejartest.Main - Running, Fri 2017.04.07 20:00 Eq: 80,895.38 UoL: 63.58%
2017-11-12 09:43:16.348 INFO  singlejartest.Main - Running, Fri 2017.04.07 20:30 Eq: 87,510.33 UoL: 58.82%
2017-11-12 09:43:16.405 INFO  singlejartest.Main - Running, Fri 2017.04.07 21:00 Eq: 84,941.11 UoL: 60.63%
2017-11-12 09:43:16.407 INFO  singlejartest.Main - Running, Fri 2017.04.07 21:30 Eq: 84,941.11 UoL: 60.63%
2017-11-12 09:43:16.413 INFO  singlejartest.Main - Running, Sat 2017.04.07 22:00 Eq: 84,941.11 UoL: 60.63%
2017-11-12 09:43:16.416 INFO  singlejartest.Main - Running, Sat 2017.04.07 22:30 Eq: 84,941.11 UoL: 60.63%
2017-11-12 09:43:16.422 INFO  singlejartest.Main - Running, Sat 2017.04.07 23:00 Eq: 84,941.11 UoL: 60.63%
2017-11-12 09:43:16.424 INFO  singlejartest.Main - Running, Sat 2017.04.07 23:30 Eq: 84,941.11 UoL: 60.63%
2017-11-12 09:43:16.431 INFO  singlejartest.Main - Running, Sat 2017.04.08 00:00 Eq: 84,941.11 UoL: 60.63%
2017-11-12 09:43:16.433 INFO  singlejartest.Main - Running, Sat 2017.04.08 00:30 Eq: 84,941.11 UoL: 60.63%
2017-11-12 09:43:16.439 INFO  singlejartest.Main - Running, Sat 2017.04.08 01:00 Eq: 84,941.11 UoL: 60.63%
2017-11-12 09:43:16.442 INFO  singlejartest.Main - Running, Sat 2017.04.08 01:30 Eq: 84,941.11 UoL: 60.63%
2017-11-12 09:43:16.448 INFO  singlejartest.Main - Running, Sat 2017.04.08 02:00 Eq: 84,941.11 UoL: 60.63%
2017-11-12 09:43:16.450 INFO  singlejartest.Main - Running, Sat 2017.04.08 02:30 Eq: 84,941.11 UoL: 60.63%
2017-11-12 09:43:16.457 INFO  singlejartest.Main - Running, Sat 2017.04.08 03:00 Eq: 84,941.11 UoL: 60.63%
2017-11-12 09:43:16.460 INFO  singlejartest.Main - Running, Sat 2017.04.08 03:30 Eq: 84,941.11 UoL: 60.63%
2017-11-12 09:43:16.466 INFO  singlejartest.Main - Running, Sat 2017.04.08 04:00 Eq: 84,941.11 UoL: 60.63%
2017-11-12 09:43:16.469 INFO  singlejartest.Main - Running, Sat 2017.04.08 04:30 Eq: 84,941.11 UoL: 60.63%
2017-11-12 09:43:16.474 INFO  singlejartest.Main - Running, Sat 2017.04.08 05:00 Eq: 84,941.11 UoL: 60.63%
2017-11-12 09:43:16.477 INFO  singlejartest.Main - Running, Sat 2017.04.08 05:30 Eq: 84,941.11 UoL: 60.63%
2017-11-12 09:43:16.483 INFO  singlejartest.Main - Running, Sat 2017.04.08 06:00 Eq: 84,941.11 UoL: 60.63%
2017-11-12 09:43:16.485 INFO  singlejartest.Main - Running, Sat 2017.04.08 06:30 Eq: 84,941.11 UoL: 60.63%
2017-11-12 09:43:16.491 INFO  singlejartest.Main - Running, Sat 2017.04.08 07:00 Eq: 84,941.11 UoL: 60.63%
2017-11-12 09:43:16.494 INFO  singlejartest.Main - Running, Sat 2017.04.08 07:30 Eq: 84,941.11 UoL: 60.63%
2017-11-12 09:43:16.500 INFO  singlejartest.Main - Running, Sat 2017.04.08 08:00 Eq: 84,941.11 UoL: 60.63%
2017-11-12 09:43:16.502 INFO  singlejartest.Main - Running, Sat 2017.04.08 08:30 Eq: 84,941.11 UoL: 60.63%
2017-11-12 09:43:16.508 INFO  singlejartest.Main - Running, Sat 2017.04.08 09:00 Eq: 84,941.11 UoL: 60.63%
2017-11-12 09:43:16.511 INFO  singlejartest.Main - Running, Sat 2017.04.08 09:30 Eq: 84,941.11 UoL: 60.63%
2017-11-12 09:43:16.517 INFO  singlejartest.Main - Running, Sat 2017.04.08 10:00 Eq: 84,941.11 UoL: 60.63%
2017-11-12 09:43:16.520 INFO  singlejartest.Main - Running, Sat 2017.04.08 10:30 Eq: 84,941.11 UoL: 60.63%
2017-11-12 09:43:16.526 INFO  singlejartest.Main - Running, Sat 2017.04.08 11:00 Eq: 84,941.11 UoL: 60.63%
2017-11-12 09:43:16.529 INFO  singlejartest.Main - Running, Sat 2017.04.08 11:30 Eq: 84,941.11 UoL: 60.63%
2017-11-12 09:43:16.535 INFO  singlejartest.Main - Running, Sat 2017.04.08 12:00 Eq: 84,941.11 UoL: 60.63%
2017-11-12 09:43:16.537 INFO  singlejartest.Main - Running, Sat 2017.04.08 12:30 Eq: 84,941.11 UoL: 60.63%
2017-11-12 09:43:16.543 INFO  singlejartest.Main - Running, Sat 2017.04.08 13:00 Eq: 84,941.11 UoL: 60.63%
2017-11-12 09:43:16.546 INFO  singlejartest.Main - Running, Sat 2017.04.08 13:30 Eq: 84,941.11 UoL: 60.63%
2017-11-12 09:43:16.551 INFO  singlejartest.Main - Running, Sat 2017.04.08 14:00 Eq: 84,941.11 UoL: 60.63%
2017-11-12 09:43:16.554 INFO  singlejartest.Main - Running, Sat 2017.04.08 14:30 Eq: 84,941.11 UoL: 60.63%
2017-11-12 09:43:16.560 INFO  singlejartest.Main - Running, Sat 2017.04.08 15:00 Eq: 84,941.11 UoL: 60.63%
2017-11-12 09:43:16.563 INFO  singlejartest.Main - Running, Sat 2017.04.08 15:30 Eq: 84,941.11 UoL: 60.63%
2017-11-12 09:43:16.569 INFO  singlejartest.Main - Running, Sat 2017.04.08 16:00 Eq: 84,941.11 UoL: 60.63%
2017-11-12 09:43:16.572 INFO  singlejartest.Main - Running, Sat 2017.04.08 16:30 Eq: 84,941.11 UoL: 60.63%
2017-11-12 09:43:16.577 INFO  singlejartest.Main - Running, Sat 2017.04.08 17:00 Eq: 84,941.11 UoL: 60.63%
2017-11-12 09:43:16.580 INFO  singlejartest.Main - Running, Sat 2017.04.08 17:30 Eq: 84,941.11 UoL: 60.63%
2017-11-12 09:43:16.586 INFO  singlejartest.Main - Running, Sat 2017.04.08 18:00 Eq: 84,941.11 UoL: 60.63%
2017-11-12 09:43:16.591 INFO  singlejartest.Main - Running, Sat 2017.04.08 18:30 Eq: 84,941.11 UoL: 60.63%
2017-11-12 09:43:16.597 INFO  singlejartest.Main - Running, Sat 2017.04.08 19:00 Eq: 84,941.11 UoL: 60.63%
2017-11-12 09:43:16.600 INFO  singlejartest.Main - Running, Sat 2017.04.08 19:30 Eq: 84,941.11 UoL: 60.63%
2017-11-12 09:43:16.606 INFO  singlejartest.Main - Running, Sat 2017.04.08 20:00 Eq: 84,941.11 UoL: 60.63%
2017-11-12 09:43:16.608 INFO  singlejartest.Main - Running, Sat 2017.04.08 20:30 Eq: 84,941.11 UoL: 60.63%
2017-11-12 09:43:16.614 INFO  singlejartest.Main - Running, Sat 2017.04.08 21:00 Eq: 84,941.11 UoL: 60.63%
2017-11-12 09:43:16.617 INFO  singlejartest.Main - Running, Sat 2017.04.08 21:30 Eq: 84,941.11 UoL: 60.63%
2017-11-12 09:43:16.622 INFO  singlejartest.Main - Running, Sun 2017.04.08 22:00 Eq: 84,941.11 UoL: 60.63%
2017-11-12 09:43:16.625 INFO  singlejartest.Main - Running, Sun 2017.04.08 22:30 Eq: 84,941.11 UoL: 60.63%
2017-11-12 09:43:16.631 INFO  singlejartest.Main - Running, Sun 2017.04.08 23:00 Eq: 84,941.11 UoL: 60.63%
2017-11-12 09:43:16.633 INFO  singlejartest.Main - Running, Sun 2017.04.08 23:30 Eq: 84,941.11 UoL: 60.63%
2017-11-12 09:43:16.639 INFO  singlejartest.Main - Running, Sun 2017.04.09 00:00 Eq: 84,941.11 UoL: 60.63%
2017-11-12 09:43:16.641 INFO  singlejartest.Main - Running, Sun 2017.04.09 00:30 Eq: 84,941.11 UoL: 60.63%
2017-11-12 09:43:16.647 INFO  singlejartest.Main - Running, Sun 2017.04.09 01:00 Eq: 84,941.11 UoL: 60.63%
2017-11-12 09:43:16.650 INFO  singlejartest.Main - Running, Sun 2017.04.09 01:30 Eq: 84,941.11 UoL: 60.63%
2017-11-12 09:43:16.656 INFO  singlejartest.Main - Running, Sun 2017.04.09 02:00 Eq: 84,941.11 UoL: 60.63%
2017-11-12 09:43:16.659 INFO  singlejartest.Main - Running, Sun 2017.04.09 02:30 Eq: 84,941.11 UoL: 60.63%
2017-11-12 09:43:16.665 INFO  singlejartest.Main - Running, Sun 2017.04.09 03:00 Eq: 84,941.11 UoL: 60.63%
2017-11-12 09:43:16.669 INFO  singlejartest.Main - Running, Sun 2017.04.09 03:30 Eq: 84,941.11 UoL: 60.63%
2017-11-12 09:43:16.675 INFO  singlejartest.Main - Running, Sun 2017.04.09 04:00 Eq: 84,941.11 UoL: 60.63%
2017-11-12 09:43:16.678 INFO  singlejartest.Main - Running, Sun 2017.04.09 04:30 Eq: 84,941.11 UoL: 60.63%
2017-11-12 09:43:16.683 INFO  singlejartest.Main - Running, Sun 2017.04.09 05:00 Eq: 84,941.11 UoL: 60.63%
2017-11-12 09:43:16.686 INFO  singlejartest.Main - Running, Sun 2017.04.09 05:30 Eq: 84,941.11 UoL: 60.63%
2017-11-12 09:43:16.692 INFO  singlejartest.Main - Running, Sun 2017.04.09 06:00 Eq: 84,941.11 UoL: 60.63%
2017-11-12 09:43:16.695 INFO  singlejartest.Main - Running, Sun 2017.04.09 06:30 Eq: 84,941.11 UoL: 60.63%
2017-11-12 09:43:16.700 INFO  singlejartest.Main - Running, Sun 2017.04.09 07:00 Eq: 84,941.11 UoL: 60.63%
2017-11-12 09:43:16.703 INFO  singlejartest.Main - Running, Sun 2017.04.09 07:30 Eq: 84,941.11 UoL: 60.63%
2017-11-12 09:43:16.708 INFO  singlejartest.Main - Running, Sun 2017.04.09 08:00 Eq: 84,941.11 UoL: 60.63%
2017-11-12 09:43:16.711 INFO  singlejartest.Main - Running, Sun 2017.04.09 08:30 Eq: 84,941.11 UoL: 60.63%
2017-11-12 09:43:16.717 INFO  singlejartest.Main - Running, Sun 2017.04.09 09:00 Eq: 84,941.11 UoL: 60.63%
2017-11-12 09:43:16.719 INFO  singlejartest.Main - Running, Sun 2017.04.09 09:30 Eq: 84,941.11 UoL: 60.63%
2017-11-12 09:43:16.725 INFO  singlejartest.Main - Running, Sun 2017.04.09 10:00 Eq: 84,941.11 UoL: 60.63%
2017-11-12 09:43:16.727 INFO  singlejartest.Main - Running, Sun 2017.04.09 10:30 Eq: 84,941.11 UoL: 60.63%
2017-11-12 09:43:16.733 INFO  singlejartest.Main - Running, Sun 2017.04.09 11:00 Eq: 84,941.11 UoL: 60.63%
2017-11-12 09:43:16.735 INFO  singlejartest.Main - Running, Sun 2017.04.09 11:30 Eq: 84,941.11 UoL: 60.63%
2017-11-12 09:43:16.741 INFO  singlejartest.Main - Running, Sun 2017.04.09 12:00 Eq: 84,941.11 UoL: 60.63%
2017-11-12 09:43:16.743 INFO  singlejartest.Main - Running, Sun 2017.04.09 12:30 Eq: 84,941.11 UoL: 60.63%
2017-11-12 09:43:16.749 INFO  singlejartest.Main - Running, Sun 2017.04.09 13:00 Eq: 84,941.11 UoL: 60.63%
2017-11-12 09:43:16.752 INFO  singlejartest.Main - Running, Sun 2017.04.09 13:30 Eq: 84,941.11 UoL: 60.63%
2017-11-12 09:43:16.758 INFO  singlejartest.Main - Running, Sun 2017.04.09 14:00 Eq: 84,941.11 UoL: 60.63%
2017-11-12 09:43:16.760 INFO  singlejartest.Main - Running, Sun 2017.04.09 14:30 Eq: 84,941.11 UoL: 60.63%
2017-11-12 09:43:16.766 INFO  singlejartest.Main - Running, Sun 2017.04.09 15:00 Eq: 84,941.11 UoL: 60.63%
2017-11-12 09:43:16.768 INFO  singlejartest.Main - Running, Sun 2017.04.09 15:30 Eq: 84,941.11 UoL: 60.63%
2017-11-12 09:43:16.775 INFO  singlejartest.Main - Running, Sun 2017.04.09 16:00 Eq: 84,941.11 UoL: 60.63%
2017-11-12 09:43:16.777 INFO  singlejartest.Main - Running, Sun 2017.04.09 16:30 Eq: 84,941.11 UoL: 60.63%
2017-11-12 09:43:16.783 INFO  singlejartest.Main - Running, Sun 2017.04.09 17:00 Eq: 84,941.11 UoL: 60.63%
2017-11-12 09:43:16.786 INFO  singlejartest.Main - Running, Sun 2017.04.09 17:30 Eq: 84,941.11 UoL: 60.63%
2017-11-12 09:43:16.791 INFO  singlejartest.Main - Running, Sun 2017.04.09 18:00 Eq: 84,941.11 UoL: 60.63%
2017-11-12 09:43:16.794 INFO  singlejartest.Main - Running, Sun 2017.04.09 18:30 Eq: 84,941.11 UoL: 60.63%
2017-11-12 09:43:16.799 INFO  singlejartest.Main - Running, Sun 2017.04.09 19:00 Eq: 84,941.11 UoL: 60.63%
2017-11-12 09:43:16.802 INFO  singlejartest.Main - Running, Sun 2017.04.09 19:30 Eq: 84,941.11 UoL: 60.63%
2017-11-12 09:43:16.808 INFO  singlejartest.Main - Running, Sun 2017.04.09 20:00 Eq: 84,941.11 UoL: 60.63%
2017-11-12 09:43:16.813 INFO  singlejartest.Main - Running, Sun 2017.04.09 20:30 Eq: 84,941.11 UoL: 60.63%
2017-11-12 09:43:16.820 INFO  singlejartest.Main - Running, Sun 2017.04.09 21:00 Eq: 81,813.96 UoL: 103.80%
2017-11-12 09:43:16.850 INFO  singlejartest.Main - Running, Sun 2017.04.09 21:30 Eq: 78,547.08 UoL: 108.19%
2017-11-12 09:43:16.876 INFO  singlejartest.Main - Running, Mon 2017.04.09 22:00 Eq: 81,253.37 UoL: 104.61%
2017-11-12 09:43:16.962 INFO  singlejartest.Main - Running, Mon 2017.04.09 22:30 Eq: 68,530.52 UoL: 123.84%
2017-11-12 09:43:17.032 INFO  singlejartest.Main - Running, Mon 2017.04.09 23:00 Eq: 67,243.84 UoL: 126.20%
2017-11-12 09:43:17.121 INFO  singlejartest.Main - Running, Mon 2017.04.09 23:30 Eq: 73,022.56 UoL: 116.27%
2017-11-12 09:43:17.178 INFO  singlejartest.Main - Running, Mon 2017.04.10 00:00 Eq: 71,747.31 UoL: 118.35%
2017-11-12 09:43:17.279 INFO  singlejartest.Main - Running, Mon 2017.04.10 00:30 Eq: 56,718.04 UoL: 149.44%
2017-11-12 09:43:17.381 INFO  singlejartest.Main - Running, Mon 2017.04.10 01:00 Eq: 56,304.16 UoL: 150.58%
2017-11-12 09:43:17.476 INFO  singlejartest.Main - Running, Mon 2017.04.10 01:30 Eq: 49,741.07 UoL: 103.32%
2017-11-12 09:43:17.559 INFO  singlejartest.Main - Running, Mon 2017.04.10 02:00 Eq: 49,146.47 UoL: 104.56%
2017-11-12 09:43:17.631 INFO  singlejartest.Main - Running, Mon 2017.04.10 02:30 Eq: 49,927.90 UoL: 102.94%
2017-11-12 09:43:17.687 INFO  singlejartest.Main - Running, Mon 2017.04.10 03:00 Eq: 52,227.17 UoL: 98.43%
2017-11-12 09:43:17.720 INFO  singlejartest.Main - Running, Mon 2017.04.10 03:30 Eq: 51,662.76 UoL: 99.49%
2017-11-12 09:43:17.773 INFO  singlejartest.Main - Running, Mon 2017.04.10 04:00 Eq: 50,802.28 UoL: 101.15%
2017-11-12 09:43:17.816 INFO  singlejartest.Main - Running, Mon 2017.04.10 04:30 Eq: 50,624.67 UoL: 101.52%
2017-11-12 09:43:17.882 INFO  singlejartest.Main - Running, Mon 2017.04.10 05:00 Eq: 49,393.33 UoL: 104.02%
2017-11-12 09:43:17.936 INFO  singlejartest.Main - Running, Mon 2017.04.10 05:30 Eq: 52,378.30 UoL: 98.10%
2017-11-12 09:43:18.024 INFO  singlejartest.Main - Running, Mon 2017.04.10 06:00 Eq: 47,201.12 UoL: 108.74%
2017-11-12 09:43:18.108 INFO  singlejartest.Main - Running, Mon 2017.04.10 06:30 Eq: 52,720.78 UoL: 97.54%
2017-11-12 09:43:18.205 INFO  singlejartest.Main - Running, Mon 2017.04.10 07:00 Eq: 52,245.34 UoL: 98.49%
2017-11-12 09:43:18.311 INFO  singlejartest.Main - Running, Mon 2017.04.10 07:30 Eq: 54,721.52 UoL: 94.04%
2017-11-12 09:43:18.418 INFO  singlejartest.Main - Running, Mon 2017.04.10 08:00 Eq: 49,286.20 UoL: 104.32%
2017-11-12 09:43:18.503 INFO  singlejartest.Main - Running, Mon 2017.04.10 08:30 Eq: 47,213.69 UoL: 108.95%
2017-11-12 09:43:18.581 INFO  singlejartest.Main - Running, Mon 2017.04.10 09:00 Eq: 49,450.06 UoL: 104.00%
2017-11-12 09:43:18.665 INFO  singlejartest.Main - Running, Mon 2017.04.10 09:30 Eq: 52,241.28 UoL: 98.49%
2017-11-12 09:43:18.738 INFO  singlejartest.Main - Running, Mon 2017.04.10 10:00 Eq: 54,552.66 UoL: 94.41%
2017-11-12 09:43:18.825 INFO  singlejartest.Main - Running, Mon 2017.04.10 10:30 Eq: 54,463.66 UoL: 94.54%
2017-11-12 09:43:18.893 INFO  singlejartest.Main - Running, Mon 2017.04.10 11:00 Eq: 49,594.70 UoL: 103.83%
2017-11-12 09:43:18.983 INFO  singlejartest.Main - Running, Mon 2017.04.10 11:30 Eq: 49,637.85 UoL: 103.75%
2017-11-12 09:43:19.059 INFO  singlejartest.Main - Running, Mon 2017.04.10 12:00 Eq: 50,828.30 UoL: 101.27%
2017-11-12 09:43:19.159 INFO  singlejartest.Main - Running, Mon 2017.04.10 12:30 Eq: 48,699.72 UoL: 105.65%
2017-11-12 09:43:19.247 INFO  singlejartest.Main - Running, Mon 2017.04.10 13:00 Eq: 49,661.46 UoL: 103.67%
2017-11-12 09:43:19.362 INFO  singlejartest.Main - Running, Mon 2017.04.10 13:30 Eq: 48,195.30 UoL: 106.77%
2017-11-12 09:43:19.495 INFO  singlejartest.Main - Running, Mon 2017.04.10 14:00 Eq: 44,011.22 UoL: 116.80%
2017-11-12 09:43:19.632 INFO  singlejartest.Main - Running, Mon 2017.04.10 14:30 Eq: 52,433.61 UoL: 98.14%
2017-11-12 09:43:19.747 INFO  singlejartest.Main - Running, Mon 2017.04.10 15:00 Eq: 46,555.02 UoL: 110.50%
2017-11-12 09:43:19.863 INFO  singlejartest.Main - Running, Mon 2017.04.10 15:30 Eq: 46,748.75 UoL: 109.99%
2017-11-12 09:43:19.968 INFO  singlejartest.Main - Running, Mon 2017.04.10 16:00 Eq: 58,497.21 UoL: 88.04%
2017-11-12 09:43:20.076 INFO  singlejartest.Main - Running, Mon 2017.04.10 16:30 Eq: 61,686.56 UoL: 83.55%
2017-11-12 09:43:20.156 INFO  singlejartest.Main - Running, Mon 2017.04.10 17:00 Eq: 56,927.96 UoL: 90.49%
2017-11-12 09:43:20.227 INFO  singlejartest.Main - Running, Mon 2017.04.10 17:30 Eq: 59,576.69 UoL: 86.50%
2017-11-12 09:43:20.291 INFO  singlejartest.Main - Running, Mon 2017.04.10 18:00 Eq: 57,384.71 UoL: 89.79%
2017-11-12 09:43:20.378 INFO  singlejartest.Main - Running, Mon 2017.04.10 18:30 Eq: 59,768.61 UoL: 86.24%
2017-11-12 09:43:20.462 INFO  singlejartest.Main - Running, Mon 2017.04.10 19:00 Eq: 58,371.74 UoL: 88.31%
2017-11-12 09:43:20.540 INFO  singlejartest.Main - Running, Mon 2017.04.10 19:30 Eq: 58,401.67 UoL: 88.25%
2017-11-12 09:43:20.626 INFO  singlejartest.Main - Running, Mon 2017.04.10 20:00 Eq: 61,342.66 UoL: 84.05%
2017-11-12 09:43:20.692 INFO  singlejartest.Main - Running, Mon 2017.04.10 20:30 Eq: 59,165.76 UoL: 87.10%
2017-11-12 09:43:20.760 INFO  singlejartest.Main - Running, Mon 2017.04.10 21:00 Eq: 58,101.01 UoL: 88.72%
2017-11-12 09:43:20.797 INFO  singlejartest.Main - Running, Mon 2017.04.10 21:30 Eq: 60,732.40 UoL: 84.92%
2017-11-12 09:43:20.837 INFO  singlejartest.Main - Running, Tue 2017.04.10 22:00 Eq: 61,523.37 UoL: 83.86%
2017-11-12 09:43:20.876 INFO  singlejartest.Main - Running, Tue 2017.04.10 22:30 Eq: 61,706.55 UoL: 83.61%
2017-11-12 09:43:20.961 INFO  singlejartest.Main - Running, Tue 2017.04.10 23:00 Eq: 65,593.92 UoL: 78.70%
2017-11-12 09:43:20.994 INFO  singlejartest.Main - Running, Tue 2017.04.10 23:30 Eq: 63,185.67 UoL: 81.69%
2017-11-12 09:43:21.058 INFO  singlejartest.Main - Running, Tue 2017.04.11 00:00 Eq: 67,789.81 UoL: 76.20%
